<?xml version="1.0" encoding="UTF-8"?>
<!-- Generated by org.testng.reporters.JUnitXMLReporter -->
<testsuite ignored="0" hostname="DESKTOP-T1CP2B2" failures="0" tests="10" name="AadharVerificationPage" time="44.246" errors="0" timestamp="2023-09-28T19:04:37 IST">
  <testcase classname="org.rocketfinapp.baseapk.AadharVerificationPage" name="AadharVerificationpageTitle" time="2.155"/>
  <testcase classname="org.rocketfinapp.baseapk.AadharVerificationPage" name="Placeholder" time="2.179"/>
  <testcase classname="org.rocketfinapp.baseapk.AadharVerificationPage" name="Alertwithoutinput" time="4.181"/>
  <testcase classname="org.rocketfinapp.baseapk.AadharVerificationPage" name="AlertForinvalidnumber_startsWith0" time="4.346"/>
  <testcase classname="org.rocketfinapp.baseapk.AadharVerificationPage" name="AlertForinvalidnumber_startsWith1" time="6.032"/>
  <testcase classname="org.rocketfinapp.baseapk.AadharVerificationPage" name="AlertForinvalidinputDigits" time="5.027"/>
  <testcase classname="org.rocketfinapp.baseapk.AadharVerificationPage" name="Submitbutton_Withoutinput" time="5.407"/>
  <testcase classname="org.rocketfinapp.baseapk.AadharVerificationPage" name="Submitbutton_Withinput" time="5.805"/>
  <testcase classname="org.rocketfinapp.baseapk.AadharVerificationPage" name="Skip_linktext" time="2.2"/>
  <testcase classname="org.rocketfinapp.baseapk.AadharVerificationPage" name="ValidAadharnumber" time="6.879"/>
</testsuite> <!-- AadharVerificationPage -->
