<?xml version="1.0" encoding="UTF-8"?>
<!-- Generated by org.testng.reporters.JUnitXMLReporter -->
<testsuite ignored="0" hostname="DESKTOP-T1CP2B2" failures="0" tests="5" name="AddressPage" time="19.101" errors="0" timestamp="2023-09-28T19:13:28 IST">
  <testcase classname="org.rocketfinapp.baseapk.AddressPage" name="AddressPage_Title" time="2.951"/>
  <testcase classname="org.rocketfinapp.baseapk.AddressPage" name="VerifyAddressCheckbox_isselected" time="4.208"/>
  <testcase classname="org.rocketfinapp.baseapk.AddressPage" name="Choosebutton_WithoutinputOTP" time="2.232"/>
  <testcase classname="org.rocketfinapp.baseapk.AddressPage" name="Choosebutton_WithinputOTP" time="2.939"/>
  <testcase classname="org.rocketfinapp.baseapk.AddressPage" name="Addresspage" time="6.757"/>
</testsuite> <!-- AddressPage -->
