<?xml version="1.0" encoding="UTF-8"?>
<!-- Generated by org.testng.reporters.JUnitXMLReporter -->
<testsuite ignored="0" hostname="DESKTOP-T1CP2B2" failures="0" tests="6" name="ChooseEmailPage" time="21.439" errors="0" timestamp="2023-09-28T19:10:15 IST">
  <testcase classname="org.rocketfinapp.baseapk.ChooseEmailPage" name="ChooseEmailPage_Title" time="3.475"/>
  <testcase classname="org.rocketfinapp.baseapk.ChooseEmailPage" name="VerifyEmailCheckbox_isselected" time="4.921"/>
  <testcase classname="org.rocketfinapp.baseapk.ChooseEmailPage" name="Addbutton_WithoutinputOTP" time="2.343"/>
  <testcase classname="org.rocketfinapp.baseapk.ChooseEmailPage" name="Addbutton_WithinputOTP" time="3.477"/>
  <testcase classname="org.rocketfinapp.baseapk.ChooseEmailPage" name="MyEmailIsNotListed_Linktext" time="2.742"/>
  <testcase classname="org.rocketfinapp.baseapk.ChooseEmailPage" name="AddEmailpage" time="4.463"/>
</testsuite> <!-- ChooseEmailPage -->
