<?xml version="1.0" encoding="UTF-8"?>
<!-- Generated by org.testng.reporters.JUnitXMLReporter -->
<testsuite ignored="0" hostname="DESKTOP-T1CP2B2" failures="0" tests="5" name="Homepage" time="19.367" errors="0" timestamp="2023-09-30T23:06:55 IST">
  <testcase classname="org.rocketfinapp.baseapk.Homepage" name="AllowPopupManagePhoneCalls" time="7.387"/>
  <testcase classname="org.rocketfinapp.baseapk.Homepage" name="mainpage" time="4.456"/>
  <testcase classname="org.rocketfinapp.baseapk.Homepage" name="Borrowerslide" time="2.142"/>
  <testcase classname="org.rocketfinapp.baseapk.Homepage" name="Investorslide" time="1.999"/>
  <testcase classname="org.rocketfinapp.baseapk.Homepage" name="Chooseyourpath_slide" time="3.311"/>
</testsuite> <!-- Homepage -->
