<?xml version="1.0" encoding="UTF-8"?>
<!-- Generated by org.testng.reporters.JUnitXMLReporter -->
<testsuite ignored="0" hostname="DESKTOP-T1CP2B2" failures="2" tests="10" name="Mobilenumberotp" time="57.935" errors="0" timestamp="2023-09-28T19:03:12 IST">
  <testcase classname="org.rocketfinapp.baseapk.Mobilenumberotp" name="MobilenumberotppageTitle" time="3.672"/>
  <testcase classname="org.rocketfinapp.baseapk.Mobilenumberotp" name="OTPPlaceholder" time="2.324"/>
  <testcase classname="org.rocketfinapp.baseapk.Mobilenumberotp" name="Alertwithoutinput" time="16.989"/>
  <testcase classname="org.rocketfinapp.baseapk.Mobilenumberotp" name="AlertForinvalidOTP" time="9.193">
    <failure type="java.lang.AssertionError" message="expected [Please Enter Valid OTP] but found [Please enter a valid mobile number]">
      <![CDATA[java.lang.AssertionError: expected [Please Enter Valid OTP] but found [Please enter a valid mobile number]
at org.rocketfinapp.baseapk.Mobilenumberotp.AlertForinvalidOTP(Mobilenumberotp.java:54)
at java.base/java.util.ArrayList.forEach(ArrayList.java:1511)
... Removed 33 stack frames]]>
    </failure>
  </testcase> <!-- AlertForinvalidOTP -->
  <testcase classname="org.rocketfinapp.baseapk.Mobilenumberotp" name="AlertForinvalidinputdigits_OTP" time="6.286">
    <failure type="java.lang.AssertionError" message="expected [Please Enter Valid OTP] but found [Please enter a valid mobile number]">
      <![CDATA[java.lang.AssertionError: expected [Please Enter Valid OTP] but found [Please enter a valid mobile number]
at org.rocketfinapp.baseapk.Mobilenumberotp.AlertForinvalidinputdigits_OTP(Mobilenumberotp.java:66)
at java.base/java.util.ArrayList.forEach(ArrayList.java:1511)
... Removed 33 stack frames]]>
    </failure>
  </testcase> <!-- AlertForinvalidinputdigits_OTP -->
  <testcase classname="org.rocketfinapp.baseapk.Mobilenumberotp" name="AutofillingOTP_text" time="2.254"/>
  <testcase classname="org.rocketfinapp.baseapk.Mobilenumberotp" name="Verifybutton_WithoutinputOTP" time="3.896"/>
  <testcase classname="org.rocketfinapp.baseapk.Mobilenumberotp" name="Verifybutton_WithinputOTP" time="5.43"/>
  <testcase classname="org.rocketfinapp.baseapk.Mobilenumberotp" name="ResendOTPLink_text" time="2.397"/>
  <testcase classname="org.rocketfinapp.baseapk.Mobilenumberotp" name="Valid_OTP" time="5.45"/>
</testsuite> <!-- Mobilenumberotp -->
