<?xml version="1.0" encoding="UTF-8"?>
<!-- Generated by org.testng.reporters.JUnitXMLReporter -->
<testsuite ignored="0" hostname="DESKTOP-T1CP2B2" failures="0" tests="10" name="mobilenumepage" time="74.415" errors="0" timestamp="2023-09-25T20:24:19 IST">
  <testcase classname="org.rocketfinapp.baseapk.mobilenumberpage" name="MobilenumberpageTitle" time="5.881"/>
  <testcase classname="org.rocketfinapp.baseapk.mobilenumberpage" name="Placeholder" time="2.464"/>
  <testcase classname="org.rocketfinapp.baseapk.mobilenumberpage" name="Alertwithoutinput" time="9.274"/>
  <testcase classname="org.rocketfinapp.baseapk.mobilenumberpage" name="AlertForinvalidmobilenumber" time="8.66"/>
  <testcase classname="org.rocketfinapp.baseapk.mobilenumberpage" name="AlertForinvalidinputdigits" time="7.867"/>
  <testcase classname="org.rocketfinapp.baseapk.mobilenumberpage" name="AlertForinvalidinput1stdigit" time="8.748"/>
  <testcase classname="org.rocketfinapp.baseapk.mobilenumberpage" name="Alertforexistingmobilenumber" time="9.945"/>
  <testcase classname="org.rocketfinapp.baseapk.mobilenumberpage" name="RequestOTPbutton_Withoutinput" time="6.144"/>
  <testcase classname="org.rocketfinapp.baseapk.mobilenumberpage" name="RequestOTPbutton_Withinput" time="6.943"/>
  <testcase classname="org.rocketfinapp.baseapk.mobilenumberpage" name="Validmobilenumber" time="8.442"/>
</testsuite> <!-- mobilenumepage -->
