<?xml version="1.0" encoding="UTF-8"?>
<!-- Generated by org.testng.reporters.JUnitXMLReporter -->
<testsuite ignored="0" hostname="DESKTOP-T1CP2B2" failures="1" tests="11" name="PanVerification" time="55.284" errors="0" timestamp="2023-09-28T19:06:28 IST">
  <testcase classname="org.rocketfinapp.baseapk.PanVerification" name="PAN_VerificationpageTitle" time="5.265"/>
  <testcase classname="org.rocketfinapp.baseapk.PanVerification" name="Alertwithoutinput" time="4.248"/>
  <testcase classname="org.rocketfinapp.baseapk.PanVerification" name="Placeholder" time="2.328"/>
  <testcase classname="org.rocketfinapp.baseapk.PanVerification" name="AlertForinvalidPANnumber" time="5.505"/>
  <testcase classname="org.rocketfinapp.baseapk.PanVerification" name="AlertForinvalidinputdigits" time="6.481"/>
  <testcase classname="org.rocketfinapp.baseapk.PanVerification" name="AlertForinvalidinputChars" time="9.222"/>
  <testcase classname="org.rocketfinapp.baseapk.PanVerification" name="Alertforexistingmobilenumber" time="5.041">
    <failure type="java.lang.AssertionError" message="expected [User is already registered] but found [An internal service error occurred]">
      <![CDATA[java.lang.AssertionError: expected [User is already registered] but found [An internal service error occurred]
at org.rocketfinapp.baseapk.PanVerification.Alertforexistingmobilenumber(PanVerification.java:107)
at java.base/java.util.ArrayList.forEach(ArrayList.java:1511)
... Removed 33 stack frames]]>
    </failure>
  </testcase> <!-- Alertforexistingmobilenumber -->
  <testcase classname="org.rocketfinapp.baseapk.PanVerification" name="Submitbutton_Withoutinput" time="5.798"/>
  <testcase classname="org.rocketfinapp.baseapk.PanVerification" name="Submitbutton_Withinput" time="5.419"/>
  <testcase classname="org.rocketfinapp.baseapk.PanVerification" name="Tryanotherproof_linktext" time="1.263"/>
  <testcase classname="org.rocketfinapp.baseapk.PanVerification" name="ValidPANnumber" time="4.686"/>
</testsuite> <!-- PanVerification -->
