<?xml version="1.0" encoding="UTF-8"?>
<!-- Generated by org.testng.reporters.JUnitXMLReporter -->
<testsuite ignored="0" hostname="DESKTOP-T1CP2B2" failures="1" tests="5" name="permissionspage" time="14.661" errors="0" timestamp="2023-09-30T23:07:10 IST">
  <testcase classname="org.rocketfinapp.baseapk.Permissionspage" name="smsallowpopup" time="1.701"/>
  <testcase classname="org.rocketfinapp.baseapk.Permissionspage" name="Locationallowpopup" time="2.031"/>
  <testcase classname="org.rocketfinapp.baseapk.Permissionspage" name="contactsallowpopup" time="4.837"/>
  <testcase classname="org.rocketfinapp.baseapk.Permissionspage" name="permissionspageTitle" time="4.664">
    <failure type="java.lang.AssertionError" message="expected [Permissions] but found []">
      <![CDATA[java.lang.AssertionError: expected [Permissions] but found []
at org.rocketfinapp.baseapk.Permissionspage.permissionspageTitle(Permissionspage.java:41)
at java.base/java.util.ArrayList.forEach(ArrayList.java:1511)
... Removed 33 stack frames]]>
    </failure>
  </testcase> <!-- permissionspageTitle -->
  <testcase classname="org.rocketfinapp.baseapk.Permissionspage" name="NextButton" time="1.401"/>
</testsuite> <!-- permissionspage -->
