<?xml version="1.0" encoding="UTF-8"?>
<!-- Generated by org.testng.reporters.JUnitXMLReporter -->
<testsuite ignored="0" hostname="DESKTOP-T1CP2B2" failures="0" tests="5" name="SetPinAndConfirmPin" time="35.437" errors="0" timestamp="2023-09-28T19:03:47 IST">
  <testcase classname="org.rocketfinapp.baseapk.SetPinAndConfirmPin" name="SetPinpageTitle" time="4.431"/>
  <testcase classname="org.rocketfinapp.baseapk.SetPinAndConfirmPin" name="setpinpage" time="8.78"/>
  <testcase classname="org.rocketfinapp.baseapk.SetPinAndConfirmPin" name="ConfirmPinpageTitle" time="3.576"/>
  <testcase classname="org.rocketfinapp.baseapk.SetPinAndConfirmPin" name="AlertforPinMismatch" time="8.987"/>
  <testcase classname="org.rocketfinapp.baseapk.SetPinAndConfirmPin" name="Validpinconfirm" time="9.637"/>
</testsuite> <!-- SetPinAndConfirmPin -->
