<?xml version="1.0" encoding="UTF-8"?>
<!-- Generated by org.testng.reporters.JUnitXMLReporter -->
<testsuite ignored="0" hostname="DESKTOP-T1CP2B2" failures="2" tests="10" name="VerifyAadhar_OTPpage" time="55.547" errors="0" timestamp="2023-09-28T19:05:32 IST">
  <testcase classname="org.rocketfinapp.baseapk.VerifyAadhar_OTPpage" name="VerifyAadhar_OTP_pageTitle" time="3.847"/>
  <testcase classname="org.rocketfinapp.baseapk.VerifyAadhar_OTPpage" name="OTPPlaceholder" time="3.987"/>
  <testcase classname="org.rocketfinapp.baseapk.VerifyAadhar_OTPpage" name="Alertwithoutinput" time="7.866"/>
  <testcase classname="org.rocketfinapp.baseapk.VerifyAadhar_OTPpage" name="AlertForinvalidOTP" time="9.302">
    <failure type="java.lang.AssertionError" message="expected [Please Enter Valid OTP] but found [Please enter a valid Aadhaar number]">
      <![CDATA[java.lang.AssertionError: expected [Please Enter Valid OTP] but found [Please enter a valid Aadhaar number]
at org.rocketfinapp.baseapk.VerifyAadhar_OTPpage.AlertForinvalidOTP(VerifyAadhar_OTPpage.java:57)
at java.base/java.util.ArrayList.forEach(ArrayList.java:1511)
... Removed 33 stack frames]]>
    </failure>
  </testcase> <!-- AlertForinvalidOTP -->
  <testcase classname="org.rocketfinapp.baseapk.VerifyAadhar_OTPpage" name="AlertForinvalidinputdigits_OTP" time="6.234">
    <failure type="java.lang.AssertionError" message="expected [Please Enter Valid OTP] but found [Please enter a valid Aadhaar number]">
      <![CDATA[java.lang.AssertionError: expected [Please Enter Valid OTP] but found [Please enter a valid Aadhaar number]
at org.rocketfinapp.baseapk.VerifyAadhar_OTPpage.AlertForinvalidinputdigits_OTP(VerifyAadhar_OTPpage.java:69)
at java.base/java.util.ArrayList.forEach(ArrayList.java:1511)
... Removed 33 stack frames]]>
    </failure>
  </testcase> <!-- AlertForinvalidinputdigits_OTP -->
  <testcase classname="org.rocketfinapp.baseapk.VerifyAadhar_OTPpage" name="AutofillingOTP_text" time="2.163"/>
  <testcase classname="org.rocketfinapp.baseapk.VerifyAadhar_OTPpage" name="Verifybutton_WithoutinputOTP" time="6.521"/>
  <testcase classname="org.rocketfinapp.baseapk.VerifyAadhar_OTPpage" name="Verifybutton_WithinputOTP" time="5.584"/>
  <testcase classname="org.rocketfinapp.baseapk.VerifyAadhar_OTPpage" name="ResendOTPLink_text" time="2.435"/>
  <testcase classname="org.rocketfinapp.baseapk.VerifyAadhar_OTPpage" name="Valid_OTP" time="7.573"/>
</testsuite> <!-- VerifyAadhar_OTPpage -->
